#
# There is insufficient memory for the Java Runtime Environment to continue.
# Native memory allocation (malloc) failed to allocate 2032176 bytes for Chunk::new
# Possible reasons:
#   The system is out of physical RAM or swap space
#   The process is running with CompressedOops enabled, and the Java Heap may be blocking the growth of the native heap
# Possible solutions:
#   Reduce memory load on the system
#   Increase physical memory or swap space
#   Check if swap backing store is full
#   Decrease Java heap size (-Xmx/-Xms)
#   Decrease number of Java threads
#   Decrease Java thread stack sizes (-Xss)
#   Set larger code cache with -XX:ReservedCodeCacheSize=
#   JVM is running with Zero Based Compressed Oops mode in which the Java heap is
#     placed in the first 32GB address space. The Java Heap base address is the
#     maximum limit for the native heap growth. Please use -XX:HeapBaseMinAddress
#     to set the Java Heap base and to place the Java Heap above 32GB virtual address.
# This output file may be truncated or incomplete.
#
#  Out of Memory Error (allocation.cpp:389), pid=5280, tid=0x0000000000001050
#
# JRE version: OpenJDK Runtime Environment (8.0_242-b01) (build 1.8.0_242-release-1644-b01)
# Java VM: OpenJDK 64-Bit Server VM (25.242-b01 mixed mode windows-amd64 compressed oops)
# Failed to write core dump. Minidumps are not enabled by default on client versions of Windows
#

---------------  T H R E A D  ---------------

Current thread (0x000000001e535800):  JavaThread "C2 CompilerThread0" daemon [_thread_in_native, id=4176, stack(0x000000001fbb0000,0x000000001fcb0000)]

Stack: [0x000000001fbb0000,0x000000001fcb0000]
[error occurred during error reporting (printing stack bounds), id 0xc0000005]

Native frames: (J=compiled Java code, j=interpreted, Vv=VM code, C=native code)


Current CompileTask:
C2: 793538 16884   !   4       java.io.ObjectInputStream::readObject0 (671 bytes)


---------------  P R O C E S S  ---------------

Java Threads: ( => current thread )
  0x0000000029255800 JavaThread "WorkerExecutor Queue Thread 13" [_thread_in_Java, id=3448, stack(0x0000000033450000,0x0000000033550000)]
  0x0000000029251000 JavaThread "WorkerExecutor Queue Thread 12" [_thread_blocked, id=20812, stack(0x0000000033350000,0x0000000033450000)]
  0x0000000029254800 JavaThread "WorkerExecutor Queue Thread 11" [_thread_blocked, id=14368, stack(0x0000000033250000,0x0000000033350000)]
  0x0000000029250000 JavaThread "WorkerExecutor Queue Thread 10" [_thread_blocked, id=13124, stack(0x0000000033150000,0x0000000033250000)]
  0x0000000029254000 JavaThread "WorkerExecutor Queue Thread 9" [_thread_blocked, id=21352, stack(0x0000000033050000,0x0000000033150000)]
  0x0000000029252800 JavaThread "WorkerExecutor Queue Thread 8" [_thread_blocked, id=17656, stack(0x0000000032f50000,0x0000000033050000)]
  0x000000002549d800 JavaThread "WorkerExecutor Queue Thread 7" [_thread_in_Java, id=20472, stack(0x0000000032e50000,0x0000000032f50000)]
  0x000000002549c800 JavaThread "WorkerExecutor Queue Thread 6" [_thread_in_Java, id=19372, stack(0x0000000032d50000,0x0000000032e50000)]
  0x0000000025498800 JavaThread "WorkerExecutor Queue Thread 5" [_thread_blocked, id=20076, stack(0x0000000032c50000,0x0000000032d50000)]
  0x0000000025496800 JavaThread "WorkerExecutor Queue Thread 4" [_thread_blocked, id=22728, stack(0x0000000032930000,0x0000000032a30000)]
  0x000000002549b000 JavaThread "WorkerExecutor Queue Thread 3" [_thread_blocked, id=2904, stack(0x0000000032830000,0x0000000032930000)]
  0x000000002549b800 JavaThread "Cache worker for Java compile cache (C:\Users\bryanOops\AndroidStudioProjects\OrganizadorFiestas\.gradle\6.1.1\javaCompile)" [_thread_blocked, id=18968, stack(0x0000000032220000,0x0000000032320000)]
  0x000000002549a000 JavaThread "Cache worker for Java compile cache (C:\Users\bryanOops\.gradle\caches\6.1.1\javaCompile)" [_thread_blocked, id=19076, stack(0x0000000032120000,0x0000000032220000)]
  0x0000000025499800 JavaThread "WorkerExecutor Queue Thread 2" [_thread_in_native, id=14912, stack(0x0000000032530000,0x0000000032630000)]
  0x0000000025495800 JavaThread "stdout" [_thread_in_native, id=18764, stack(0x0000000032020000,0x0000000032120000)]
  0x0000000025493800 JavaThread "stderr" [_thread_in_native, id=2368, stack(0x0000000031f20000,0x0000000032020000)]
  0x0000000025490800 JavaThread "pool-14-thread-1" [_thread_blocked, id=14168, stack(0x0000000031e20000,0x0000000031f20000)]
  0x0000000025492000 JavaThread "WorkerExecutor Queue" [_thread_in_Java, id=5960, stack(0x0000000031d20000,0x0000000031e20000)]
  0x000000002548f800 JavaThread "Cache worker for execution history cache (C:\Users\bryanOops\AndroidStudioProjects\OrganizadorFiestas\.gradle\6.1.1\executionHistory)" [_thread_blocked, id=1204, stack(0x0000000031c20000,0x0000000031d20000)]
  0x0000000025491000 JavaThread "Execution worker for ':' Thread 11" [_thread_in_Java, id=15708, stack(0x0000000031b20000,0x0000000031c20000)]
  0x0000000025495000 JavaThread "Execution worker for ':' Thread 10" [_thread_blocked, id=11032, stack(0x0000000031a20000,0x0000000031b20000)]
  0x000000002548e000 JavaThread "Execution worker for ':' Thread 9" [_thread_blocked, id=21144, stack(0x0000000031920000,0x0000000031a20000)]
  0x0000000025492800 JavaThread "Execution worker for ':' Thread 8" [_thread_blocked, id=22844, stack(0x0000000031820000,0x0000000031920000)]
  0x0000000025494000 JavaThread "Execution worker for ':' Thread 7" [_thread_blocked, id=19888, stack(0x0000000031720000,0x0000000031820000)]
  0x0000000021fe7000 JavaThread "Execution worker for ':' Thread 6" [_thread_in_Java, id=15996, stack(0x0000000031620000,0x0000000031720000)]
  0x0000000021fe6800 JavaThread "Execution worker for ':' Thread 5" [_thread_blocked, id=13036, stack(0x0000000031520000,0x0000000031620000)]
  0x0000000021fe3800 JavaThread "Execution worker for ':' Thread 4" [_thread_blocked, id=23852, stack(0x0000000031420000,0x0000000031520000)]
  0x0000000021fe0000 JavaThread "Execution worker for ':' Thread 3" [_thread_blocked, id=11892, stack(0x0000000031320000,0x0000000031420000)]
  0x000000002f113000 JavaThread "Execution worker for ':' Thread 2" [_thread_blocked, id=9392, stack(0x0000000031220000,0x0000000031320000)]
  0x000000002f10f800 JavaThread "Execution worker for ':'" [_thread_blocked, id=6304, stack(0x000000002ebd0000,0x000000002ecd0000)]
  0x000000002f111000 JavaThread "Cache worker for file content cache (C:\Users\bryanOops\AndroidStudioProjects\OrganizadorFiestas\.gradle\6.1.1\fileContent)" [_thread_blocked, id=16972, stack(0x000000002da30000,0x000000002db30000)]
  0x000000002f10e800 JavaThread "Cache worker for Build Output Cleanup Cache (C:\Users\bryanOops\AndroidStudioProjects\OrganizadorFiestas\.gradle\buildOutputCleanup)" [_thread_blocked, id=16172, stack(0x000000002d0c0000,0x000000002d1c0000)]
  0x000000002f114800 JavaThread "Build operations Thread 12" [_thread_blocked, id=19600, stack(0x000000002cd20000,0x000000002ce20000)]
  0x000000002f112800 JavaThread "Build operations Thread 11" [_thread_blocked, id=23980, stack(0x000000002cc20000,0x000000002cd20000)]
  0x000000002f111800 JavaThread "Build operations Thread 10" [_thread_blocked, id=19368, stack(0x000000002c720000,0x000000002c820000)]
  0x000000002f114000 JavaThread "Build operations Thread 9" [_thread_blocked, id=23788, stack(0x000000002bc20000,0x000000002bd20000)]
  0x000000002f115800 JavaThread "Build operations Thread 8" [_thread_blocked, id=13060, stack(0x000000002b520000,0x000000002b620000)]
  0x000000002f107000 JavaThread "Build operations Thread 7" [_thread_blocked, id=17800, stack(0x000000002b420000,0x000000002b520000)]
  0x000000002f10d000 JavaThread "Build operations Thread 6" [_thread_blocked, id=17956, stack(0x000000002b320000,0x000000002b420000)]
  0x000000002f10b800 JavaThread "Build operations Thread 5" [_thread_blocked, id=11504, stack(0x000000002b220000,0x000000002b320000)]
  0x000000002f10c800 JavaThread "Build operations Thread 4" [_thread_blocked, id=24008, stack(0x000000002b120000,0x000000002b220000)]
  0x000000002f10b000 JavaThread "Build operations Thread 3" [_thread_blocked, id=9784, stack(0x0000000029eb0000,0x0000000029fb0000)]
  0x000000002f10a000 JavaThread "Build operations Thread 2" [_thread_blocked, id=13256, stack(0x0000000029b40000,0x0000000029c40000)]
  0x000000002f10e000 JavaThread "Build operations" [_thread_blocked, id=15564, stack(0x0000000029a40000,0x0000000029b40000)]
  0x000000002f109800 JavaThread "Cache worker for cache directory md-rule (C:\Users\bryanOops\.gradle\caches\6.1.1\md-rule)" [_thread_blocked, id=15932, stack(0x0000000029740000,0x0000000029840000)]
  0x00000000225f2000 JavaThread "Cache worker for cache directory md-supplier (C:\Users\bryanOops\.gradle\caches\6.1.1\md-supplier)" [_thread_blocked, id=10736, stack(0x0000000027bd0000,0x0000000027cd0000)]
  0x00000000225f2800 JavaThread "Cache worker for file hash cache (C:\Users\bryanOops\AndroidStudioProjects\OrganizadorFiestas\.gradle\6.1.1\fileHashes)" [_thread_blocked, id=16248, stack(0x0000000027ad0000,0x0000000027bd0000)]
  0x00000000225e5800 JavaThread "Cache worker for checksums cache (C:\Users\bryanOops\AndroidStudioProjects\OrganizadorFiestas\.gradle\checksums)" [_thread_blocked, id=18808, stack(0x00000000266a0000,0x00000000267a0000)]
  0x00000000225e6800 JavaThread "Thread-122" [_thread_blocked, id=19960, stack(0x00000000265a0000,0x00000000266a0000)]
  0x00000000225ec800 JavaThread "Stdin handler" [_thread_blocked, id=8452, stack(0x0000000023c00000,0x0000000023d00000)]
  0x00000000225e4000 JavaThread "Asynchronous log dispatcher for DefaultDaemonConnection: socket connection from /127.0.0.1:60261 to /127.0.0.1:60586" [_thread_blocked, id=2188, stack(0x0000000023900000,0x0000000023a00000)]
  0x00000000225eb000 JavaThread "Daemon worker Thread 4" [_thread_blocked, id=23568, stack(0x0000000023700000,0x0000000023800000)]
  0x00000000225e3800 JavaThread "Cancel handler" [_thread_blocked, id=18596, stack(0x0000000023300000,0x0000000023400000)]
  0x00000000225e8800 JavaThread "Handler for socket connection from /127.0.0.1:60261 to /127.0.0.1:60586" [_thread_in_native, id=23924, stack(0x0000000001440000,0x0000000001540000)]
  0x00000000225ea000 JavaThread "Daemon Thread 4" [_thread_blocked, id=13172, stack(0x0000000001340000,0x0000000001440000)]
  0x00000000225ee800 JavaThread "Cache worker for file content cache (C:\Users\bryanOops\.gradle\caches\6.1.1\fileContent)" [_thread_blocked, id=1624, stack(0x000000002c620000,0x000000002c720000)]
  0x00000000225f1000 JavaThread "Memory manager" [_thread_blocked, id=11868, stack(0x000000002c520000,0x000000002c620000)]
  0x0000000021fe2800 JavaThread "Cache worker for execution history cache (C:\Users\bryanOops\.gradle\caches\6.1.1\executionHistory)" [_thread_blocked, id=22492, stack(0x00000000277d0000,0x00000000278d0000)]
  0x0000000021fe5000 JavaThread "Cache worker for file hash cache (C:\Users\bryanOops\.gradle\caches\6.1.1\fileHashes)" [_thread_blocked, id=15036, stack(0x0000000024100000,0x0000000024200000)]
  0x0000000021fe5800 JavaThread "File lock request listener" [_thread_in_native, id=16688, stack(0x0000000024000000,0x0000000024100000)]
  0x00000000202e0800 JavaThread "Cache worker for journal cache (C:\Users\bryanOops\.gradle\caches\journal-1)" [_thread_blocked, id=15152, stack(0x0000000023f00000,0x0000000024000000)]
  0x0000000021e40000 JavaThread "Daemon periodic checks" [_thread_blocked, id=1992, stack(0x0000000023200000,0x0000000023300000)]
  0x0000000021e35800 JavaThread "Incoming local TCP Connector on port 60261" [_thread_in_native, id=20756, stack(0x0000000022f90000,0x0000000023090000)]
  0x0000000021e11800 JavaThread "Daemon health stats" [_thread_blocked, id=13968, stack(0x0000000022950000,0x0000000022a50000)]
  0x000000001e5c9800 JavaThread "Service Thread" daemon [_thread_blocked, id=16216, stack(0x000000001ffb0000,0x00000000200b0000)]
  0x000000001e543800 JavaThread "C1 CompilerThread3" daemon [_thread_in_native, id=14932, stack(0x000000001feb0000,0x000000001ffb0000)]
  0x000000001e542800 JavaThread "C2 CompilerThread2" daemon [_thread_in_native, id=12128, stack(0x000000001fdb0000,0x000000001feb0000)]
  0x000000001e53e000 JavaThread "C2 CompilerThread1" daemon [_thread_in_native, id=1524, stack(0x000000001fcb0000,0x000000001fdb0000)]
=>0x000000001e535800 JavaThread "C2 CompilerThread0" daemon [_thread_in_native, id=4176, stack(0x000000001fbb0000,0x000000001fcb0000)]
  0x000000001e533000 JavaThread "Attach Listener" daemon [_thread_blocked, id=15792, stack(0x000000001fab0000,0x000000001fbb0000)]
  0x000000001e532000 JavaThread "Signal Dispatcher" daemon [_thread_blocked, id=6808, stack(0x000000001f9b0000,0x000000001fab0000)]
  0x000000001ce42000 JavaThread "Finalizer" daemon [_thread_blocked, id=9160, stack(0x000000001f790000,0x000000001f890000)]
  0x000000001e523000 JavaThread "Reference Handler" daemon [_thread_blocked, id=13908, stack(0x000000001f690000,0x000000001f790000)]
  0x0000000003023800 JavaThread "main" [_thread_blocked, id=21928, stack(0x0000000002ec0000,0x0000000002fc0000)]

Other Threads:
  0x000000001ce35800 VMThread [stack: 0x000000001f590000,0x000000001f690000] [id=16772]
  0x000000001e5cb000 WatcherThread [stack: 0x00000000200b0000,0x00000000201b0000] [id=17244]

VM state:not at safepoint (normal execution)

VM Mutex/Monitor currently owned by a thread: None

heap address: 0x00000006c0000000, size: 4096 MB, Compressed Oops mode: Zero based, Oop shift amount: 3
Narrow klass base: 0x0000000000000000, Narrow klass shift: 3
Compressed class space size: 1073741824 Address: 0x00000007c0000000

Heap:
 PSYoungGen      total 344576K, used 40553K [0x000000076ab00000, 0x0000000784f80000, 0x00000007c0000000)
  eden space 310272K, 6% used [0x000000076ab00000,0x000000076c029038,0x000000077da00000)
  from space 34304K, 55% used [0x000000077fb00000,0x0000000780d715b0,0x0000000781c80000)
  to   space 33792K, 0% used [0x000000077da00000,0x000000077da00000,0x000000077fb00000)
 ParOldGen       total 296960K, used 63665K [0x00000006c0000000, 0x00000006d2200000, 0x000000076ab00000)
  object space 296960K, 21% used [0x00000006c0000000,0x00000006c3e2c7d8,0x00000006d2200000)
 Metaspace       used 101902K, capacity 107030K, committed 108336K, reserved 1144832K
  class space    used 13313K, capacity 14371K, committed 14640K, reserved 1048576K

Card table byte_map: [0x00000000124e0000,0x0000000012cf0000] byte_map_base: 0x000000000eee0000

Marking Bits: (ParMarkBitMap*) 0x000000006b08f030
 Begin Bits: [0x0000000013c50000, 0x0000000017c50000)
 End Bits:   [0x0000000017c50000, 0x000000001bc50000)

Polling page: 0x0000000002d70000

CodeCache: size=245760Kb used=46441Kb max_used=46628Kb free=199318Kb
 bounds [0x0000000003120000, 0x0000000005ef0000, 0x0000000012120000]
 total_blobs=15239 nmethods=14291 adapters=860
 compilation: enabled

Compilation events (10 events):
Event: 793.498 Thread 0x000000001e53e000 17200       4       com.android.tools.r8.B.a.a.f::a (148 bytes)
Event: 793.498 Thread 0x000000001e543800 17192   !   3       com.android.tools.r8.graph.e0::g (89 bytes)
Event: 793.499 Thread 0x000000001e543800 nmethod 17192 0x00000000049b13d0 code [0x00000000049b1620, 0x00000000049b2508]
Event: 793.510 Thread 0x000000001e53e000 nmethod 17200 0x0000000004858790 code [0x0000000004858900, 0x0000000004858fb8]
Event: 793.510 Thread 0x000000001e53e000 17206   !   4       java.util.concurrent.ConcurrentHashMap::transfer (832 bytes)
Event: 793.530 Thread 0x000000001e543800 17181       2       com.android.tools.r8.B.a.a.f::f (45 bytes)
Event: 793.531 Thread 0x000000001e543800 nmethod 17181 0x0000000004b94010 code [0x0000000004b94180, 0x0000000004b94488]
Event: 793.532 Thread 0x000000001e543800 17180       2       com.android.tools.r8.B.a.a.f::d (52 bytes)
Event: 793.533 Thread 0x000000001e543800 nmethod 17180 0x00000000036a6410 code [0x00000000036a6580, 0x00000000036a6790]
Event: 793.534 Thread 0x000000001e543800 17255       2       com.android.tools.r8.utils.P::c (67 bytes)

GC Heap History (10 events):
Event: 248.582 GC heap before
{Heap before GC invocations=16 (full 3):
 PSYoungGen      total 296448K, used 296438K [0x000000076ab00000, 0x000000077e980000, 0x00000007c0000000)
  eden space 275968K, 100% used [0x000000076ab00000,0x000000077b880000,0x000000077b880000)
  from space 20480K, 99% used [0x000000077d200000,0x000000077e5fd928,0x000000077e600000)
  to   space 25088K, 0% used [0x000000077b880000,0x000000077b880000,0x000000077d100000)
 ParOldGen       total 189952K, used 37245K [0x00000006c0000000, 0x00000006cb980000, 0x000000076ab00000)
  object space 189952K, 19% used [0x00000006c0000000,0x00000006c245f738,0x00000006cb980000)
 Metaspace       used 86992K, capacity 92082K, committed 92336K, reserved 1128448K
  class space    used 11678K, capacity 12621K, committed 12720K, reserved 1048576K
Event: 248.608 GC heap after
Heap after GC invocations=16 (full 3):
 PSYoungGen      total 301056K, used 25076K [0x000000076ab00000, 0x0000000783380000, 0x00000007c0000000)
  eden space 275968K, 0% used [0x000000076ab00000,0x000000076ab00000,0x000000077b880000)
  from space 25088K, 99% used [0x000000077b880000,0x000000077d0fd3e0,0x000000077d100000)
  to   space 35840K, 0% used [0x0000000781080000,0x0000000781080000,0x0000000783380000)
 ParOldGen       total 189952K, used 57301K [0x00000006c0000000, 0x00000006cb980000, 0x000000076ab00000)
  object space 189952K, 30% used [0x00000006c0000000,0x00000006c37f55d8,0x00000006cb980000)
 Metaspace       used 86992K, capacity 92082K, committed 92336K, reserved 1128448K
  class space    used 11678K, capacity 12621K, committed 12720K, reserved 1048576K
}
Event: 323.130 GC heap before
{Heap before GC invocations=17 (full 3):
 PSYoungGen      total 301056K, used 301044K [0x000000076ab00000, 0x0000000783380000, 0x00000007c0000000)
  eden space 275968K, 100% used [0x000000076ab00000,0x000000077b880000,0x000000077b880000)
  from space 25088K, 99% used [0x000000077b880000,0x000000077d0fd3e0,0x000000077d100000)
  to   space 35840K, 0% used [0x0000000781080000,0x0000000781080000,0x0000000783380000)
 ParOldGen       total 189952K, used 57308K [0x00000006c0000000, 0x00000006cb980000, 0x000000076ab00000)
  object space 189952K, 30% used [0x00000006c0000000,0x00000006c37f7360,0x00000006cb980000)
 Metaspace       used 91895K, capacity 97734K, committed 97840K, reserved 1134592K
  class space    used 12204K, capacity 13339K, committed 13360K, reserved 1048576K
Event: 323.143 GC heap after
Heap after GC invocations=17 (full 3):
 PSYoungGen      total 345600K, used 7761K [0x000000076ab00000, 0x0000000782900000, 0x00000007c0000000)
  eden space 320512K, 0% used [0x000000076ab00000,0x000000076ab00000,0x000000077e400000)
  from space 25088K, 30% used [0x0000000781080000,0x0000000781814608,0x0000000782900000)
  to   space 35328K, 0% used [0x000000077e400000,0x000000077e400000,0x0000000780680000)
 ParOldGen       total 189952K, used 68585K [0x00000006c0000000, 0x00000006cb980000, 0x000000076ab00000)
  object space 189952K, 36% used [0x00000006c0000000,0x00000006c42fa610,0x00000006cb980000)
 Metaspace       used 91895K, capacity 97734K, committed 97840K, reserved 1134592K
  class space    used 12204K, capacity 13339K, committed 13360K, reserved 1048576K
}
Event: 789.705 GC heap before
{Heap before GC invocations=18 (full 3):
 PSYoungGen      total 345600K, used 154060K [0x000000076ab00000, 0x0000000782900000, 0x00000007c0000000)
  eden space 320512K, 45% used [0x000000076ab00000,0x00000007739deb30,0x000000077e400000)
  from space 25088K, 30% used [0x0000000781080000,0x0000000781814608,0x0000000782900000)
  to   space 35328K, 0% used [0x000000077e400000,0x000000077e400000,0x0000000780680000)
 ParOldGen       total 189952K, used 68585K [0x00000006c0000000, 0x00000006cb980000, 0x000000076ab00000)
  object space 189952K, 36% used [0x00000006c0000000,0x00000006c42fa610,0x00000006cb980000)
 Metaspace       used 92473K, capacity 98488K, committed 98600K, reserved 1134592K
  class space    used 12244K, capacity 13400K, committed 13488K, reserved 1048576K
Event: 789.715 GC heap after
Heap after GC invocations=18 (full 3):
 PSYoungGen      total 320000K, used 10112K [0x000000076ab00000, 0x0000000781c80000, 0x00000007c0000000)
  eden space 309760K, 0% used [0x000000076ab00000,0x000000076ab00000,0x000000077d980000)
  from space 10240K, 98% used [0x000000077e400000,0x000000077ede0060,0x000000077ee00000)
  to   space 34304K, 0% used [0x000000077fb00000,0x000000077fb00000,0x0000000781c80000)
 ParOldGen       total 189952K, used 68593K [0x00000006c0000000, 0x00000006cb980000, 0x000000076ab00000)
  object space 189952K, 36% used [0x00000006c0000000,0x00000006c42fc610,0x00000006cb980000)
 Metaspace       used 92473K, capacity 98488K, committed 98600K, reserved 1134592K
  class space    used 12244K, capacity 13400K, committed 13488K, reserved 1048576K
}
Event: 789.715 GC heap before
{Heap before GC invocations=19 (full 4):
 PSYoungGen      total 320000K, used 10112K [0x000000076ab00000, 0x0000000781c80000, 0x00000007c0000000)
  eden space 309760K, 0% used [0x000000076ab00000,0x000000076ab00000,0x000000077d980000)
  from space 10240K, 98% used [0x000000077e400000,0x000000077ede0060,0x000000077ee00000)
  to   space 34304K, 0% used [0x000000077fb00000,0x000000077fb00000,0x0000000781c80000)
 ParOldGen       total 189952K, used 68593K [0x00000006c0000000, 0x00000006cb980000, 0x000000076ab00000)
  object space 189952K, 36% used [0x00000006c0000000,0x00000006c42fc610,0x00000006cb980000)
 Metaspace       used 92473K, capacity 98488K, committed 98600K, reserved 1134592K
  class space    used 12244K, capacity 13400K, committed 13488K, reserved 1048576K
Event: 789.887 GC heap after
Heap after GC invocations=19 (full 4):
 PSYoungGen      total 320000K, used 0K [0x000000076ab00000, 0x0000000781c80000, 0x00000007c0000000)
  eden space 309760K, 0% used [0x000000076ab00000,0x000000076ab00000,0x000000077d980000)
  from space 10240K, 0% used [0x000000077e400000,0x000000077e400000,0x000000077ee00000)
  to   space 34304K, 0% used [0x000000077fb00000,0x000000077fb00000,0x0000000781c80000)
 ParOldGen       total 296960K, used 63657K [0x00000006c0000000, 0x00000006d2200000, 0x000000076ab00000)
  object space 296960K, 21% used [0x00000006c0000000,0x00000006c3e2a7d8,0x00000006d2200000)
 Metaspace       used 91702K, capacity 96244K, committed 98600K, reserved 1134592K
  class space    used 11995K, capacity 12966K, committed 13488K, reserved 1048576K
}
Event: 793.367 GC heap before
{Heap before GC invocations=20 (full 4):
 PSYoungGen      total 320000K, used 309760K [0x000000076ab00000, 0x0000000781c80000, 0x00000007c0000000)
  eden space 309760K, 100% used [0x000000076ab00000,0x000000077d980000,0x000000077d980000)
  from space 10240K, 0% used [0x000000077e400000,0x000000077e400000,0x000000077ee00000)
  to   space 34304K, 0% used [0x000000077fb00000,0x000000077fb00000,0x0000000781c80000)
 ParOldGen       total 296960K, used 63657K [0x00000006c0000000, 0x00000006d2200000, 0x000000076ab00000)
  object space 296960K, 21% used [0x00000006c0000000,0x00000006c3e2a7d8,0x00000006d2200000)
 Metaspace       used 101155K, capacity 106192K, committed 107696K, reserved 1142784K
  class space    used 13197K, capacity 14234K, committed 14512K, reserved 1048576K
Event: 793.411 GC heap after
Heap after GC invocations=20 (full 4):
 PSYoungGen      total 344576K, used 18885K [0x000000076ab00000, 0x0000000784f80000, 0x00000007c0000000)
  eden space 310272K, 0% used [0x000000076ab00000,0x000000076ab00000,0x000000077da00000)
  from space 34304K, 55% used [0x000000077fb00000,0x0000000780d715b0,0x0000000781c80000)
  to   space 33792K, 0% used [0x000000077da00000,0x000000077da00000,0x000000077fb00000)
 ParOldGen       total 296960K, used 63665K [0x00000006c0000000, 0x00000006d2200000, 0x000000076ab00000)
  object space 296960K, 21% used [0x00000006c0000000,0x00000006c3e2c7d8,0x00000006d2200000)
 Metaspace       used 101155K, capacity 106192K, committed 107696K, reserved 1142784K
  class space    used 13197K, capacity 14234K, committed 14512K, reserved 1048576K
}

Deoptimization events (10 events):
Event: 792.992 Thread 0x000000002f10f800 Uncommon trap: reason=array_check action=maybe_recompile pc=0x0000000005db0260 method=java.util.TimSort.binarySort([Ljava/lang/Object;IIILjava/util/Comparator;)V @ 193
Event: 793.014 Thread 0x0000000025492000 Uncommon trap: reason=unstable_if action=reinterpret pc=0x0000000005866520 method=java.nio.file.FileTreeWalker.getAttributes(Ljava/nio/file/Path;Z)Ljava/nio/file/attribute/BasicFileAttributes; @ 35
Event: 793.050 Thread 0x0000000025499800 Uncommon trap: reason=bimorphic action=maybe_recompile pc=0x0000000005a2090c method=com.google.common.collect.RegularImmutableMap.fromEntryArray(I[Ljava/util/Map$Entry;)Lcom/google/common/collect/ImmutableMap; @ 70
Event: 793.107 Thread 0x0000000025499800 Uncommon trap: reason=bimorphic action=maybe_recompile pc=0x0000000005a2090c method=com.google.common.collect.RegularImmutableMap.fromEntryArray(I[Ljava/util/Map$Entry;)Lcom/google/common/collect/ImmutableMap; @ 70
Event: 793.132 Thread 0x0000000025499800 Uncommon trap: reason=bimorphic action=maybe_recompile pc=0x0000000005a2090c method=com.google.common.collect.RegularImmutableMap.fromEntryArray(I[Ljava/util/Map$Entry;)Lcom/google/common/collect/ImmutableMap; @ 70
Event: 793.243 Thread 0x0000000025499800 Uncommon trap: reason=bimorphic action=maybe_recompile pc=0x0000000005a2090c method=com.google.common.collect.RegularImmutableMap.fromEntryArray(I[Ljava/util/Map$Entry;)Lcom/google/common/collect/ImmutableMap; @ 70
Event: 793.331 Thread 0x0000000025496800 Uncommon trap: reason=unstable_if action=reinterpret pc=0x0000000004879724 method=java.nio.Bits.putInt(Ljava/nio/ByteBuffer;IIZ)V @ 1
Event: 793.441 Thread 0x000000002549c800 Uncommon trap: reason=unstable_if action=reinterpret pc=0x0000000005c3c010 method=com.android.tools.r8.utils.W.d(I)Z @ 15
Event: 793.484 Thread 0x0000000025492000 Uncommon trap: reason=unstable_if action=reinterpret pc=0x0000000003734294 method=com.android.tools.r8.utils.W.d(I)Z @ 3
Event: 793.484 Thread 0x0000000025496800 Uncommon trap: reason=unstable_if action=reinterpret pc=0x0000000003734294 method=com.android.tools.r8.utils.W.d(I)Z @ 3

Classes redefined (0 events):
No events

Internal exceptions (10 events):
Event: 792.780 Thread 0x0000000021fe3800 Exception <a 'sun/nio/fs/WindowsException'> (0x00000007793ce2b0) thrown at [C:\src\AOSP-openjdk-git\hotspot\src\share\vm\prims\jni.cpp, line 710]
Event: 792.786 Thread 0x0000000025491000 Exception <a 'sun/nio/fs/WindowsException'> (0x00000007792df9e8) thrown at [C:\src\AOSP-openjdk-git\hotspot\src\share\vm\prims\jni.cpp, line 710]
Event: 792.837 Thread 0x0000000021fe3800 Exception <a 'java/lang/NoSuchMethodError': <clinit>> (0x000000077a047010) thrown at [C:\src\AOSP-openjdk-git\hotspot\src\share\vm\prims\jni.cpp, line 1615]
Event: 792.841 Thread 0x0000000021fe3800 Exception <a 'java/lang/NoSuchMethodError': <clinit>> (0x000000077a064988) thrown at [C:\src\AOSP-openjdk-git\hotspot\src\share\vm\prims\jni.cpp, line 1615]
Event: 792.917 Thread 0x0000000021fe7000 Exception <a 'java/lang/NoSuchMethodError': java.lang.Object.lambda$static$0(Ljava/lang/String;)Z> (0x000000077acd2d78) thrown at [C:\src\AOSP-openjdk-git\hotspot\src\share\vm\interpreter\linkResolver.cpp, line 620]
Event: 792.992 Thread 0x000000002f10f800 Exception <a 'java/lang/NoSuchMethodError': <clinit>> (0x000000077b4f3860) thrown at [C:\src\AOSP-openjdk-git\hotspot\src\share\vm\prims\jni.cpp, line 1615]
Event: 793.029 Thread 0x0000000021fe7000 Exception <a 'sun/nio/fs/WindowsException'> (0x000000077ba47508) thrown at [C:\src\AOSP-openjdk-git\hotspot\src\share\vm\prims\jni.cpp, line 710]
Event: 793.030 Thread 0x0000000025492800 Exception <a 'sun/nio/fs/WindowsException'> (0x000000077ba6fe50) thrown at [C:\src\AOSP-openjdk-git\hotspot\src\share\vm\prims\jni.cpp, line 710]
Event: 793.032 Thread 0x0000000025498800 Exception <a 'sun/nio/fs/WindowsException'> (0x000000077b8472b0) thrown at [C:\src\AOSP-openjdk-git\hotspot\src\share\vm\prims\jni.cpp, line 710]
Event: 793.066 Thread 0x0000000025491000 Exception <a 'sun/nio/fs/WindowsException'> (0x000000077cb44f88) thrown at [C:\src\AOSP-openjdk-git\hotspot\src\share\vm\prims\jni.cpp, line 710]

Events (10 events):
Event: 793.529 Thread 0x0000000029255800 DEOPT PACKING pc=0x0000000005877741 sp=0x000000003354d560
Event: 793.529 Thread 0x0000000029255800 DEOPT UNPACKING pc=0x00000000031675d0 sp=0x000000003354d2c8 mode 0
Event: 793.529 Thread 0x000000001e543800 flushing nmethod 0x00000000055a6e50
Event: 793.529 Thread 0x000000001e543800 flushing nmethod 0x000000000564c450
Event: 793.530 Thread 0x000000002549d800 DEOPT PACKING pc=0x0000000005877741 sp=0x0000000032f4d190
Event: 793.530 Thread 0x000000002549d800 DEOPT UNPACKING pc=0x00000000031675d0 sp=0x0000000032f4cef8 mode 0
Event: 793.533 loading class com/android/tools/r8/ir/optimize/info/m
Event: 793.533 loading class com/android/tools/r8/ir/optimize/info/m done
Event: 793.534 loading class com/android/tools/r8/u/b/o0
Event: 793.534 loading class com/android/tools/r8/u/b/o0 done


Dynamic libraries:
0x00007ff7529f0000 - 0x00007ff752a21000 	C:\Program Files\Android\Android Studio\jre\bin\java.exe
0x00007ffa09540000 - 0x00007ffa09730000 	C:\WINDOWS\SYSTEM32\ntdll.dll
0x00007ffa08200000 - 0x00007ffa082b2000 	C:\WINDOWS\System32\KERNEL32.DLL
0x00007ffa06670000 - 0x00007ffa06914000 	C:\WINDOWS\System32\KERNELBASE.dll
0x00007ffa09380000 - 0x00007ffa09423000 	C:\WINDOWS\System32\ADVAPI32.dll
0x00007ffa075c0000 - 0x00007ffa0765e000 	C:\WINDOWS\System32\msvcrt.dll
0x00007ffa09430000 - 0x00007ffa094c7000 	C:\WINDOWS\System32\sechost.dll
0x00007ffa09160000 - 0x00007ffa09280000 	C:\WINDOWS\System32\RPCRT4.dll
0x00007ffa07670000 - 0x00007ffa07804000 	C:\WINDOWS\System32\USER32.dll
0x00007ffa07590000 - 0x00007ffa075b1000 	C:\WINDOWS\System32\win32u.dll
0x00007ffa09280000 - 0x00007ffa092a6000 	C:\WINDOWS\System32\GDI32.dll
0x00007ffa072a0000 - 0x00007ffa07435000 	C:\WINDOWS\System32\gdi32full.dll
0x00007ffa07440000 - 0x00007ffa074de000 	C:\WINDOWS\System32\msvcp_win.dll
0x00007ffa06920000 - 0x00007ffa06a1a000 	C:\WINDOWS\System32\ucrtbase.dll
0x00007ff9f26f0000 - 0x00007ff9f2974000 	C:\WINDOWS\WinSxS\amd64_microsoft.windows.common-controls_6595b64144ccf1df_6.0.18362.900_none_e6beb9d913147d17\COMCTL32.dll
0x00007ffa084d0000 - 0x00007ffa08805000 	C:\WINDOWS\System32\combase.dll
0x00007ffa06a80000 - 0x00007ffa06b00000 	C:\WINDOWS\System32\bcryptPrimitives.dll
0x00007ffa09130000 - 0x00007ffa0915e000 	C:\WINDOWS\System32\IMM32.DLL
0x000000006ba50000 - 0x000000006bb22000 	C:\Program Files\Android\Android Studio\jre\jre\bin\msvcr100.dll
0x000000006a8c0000 - 0x000000006b10b000 	C:\Program Files\Android\Android Studio\jre\jre\bin\server\jvm.dll
0x00007ffa07660000 - 0x00007ffa07668000 	C:\WINDOWS\System32\PSAPI.DLL
0x00007ffa04430000 - 0x00007ffa04454000 	C:\WINDOWS\SYSTEM32\WINMM.dll
0x00007ff9ec830000 - 0x00007ff9ec839000 	C:\WINDOWS\SYSTEM32\WSOCK32.dll
0x00007ff9ffdc0000 - 0x00007ff9ffdca000 	C:\WINDOWS\SYSTEM32\VERSION.dll
0x00007ffa092b0000 - 0x00007ffa0931f000 	C:\WINDOWS\System32\WS2_32.dll
0x00007ffa04300000 - 0x00007ffa0432d000 	C:\WINDOWS\SYSTEM32\WINMMBASE.dll
0x00007ffa06620000 - 0x00007ffa0666a000 	C:\WINDOWS\System32\cfgmgr32.dll
0x00007ffa011e0000 - 0x00007ffa011ef000 	C:\Program Files\Android\Android Studio\jre\jre\bin\verify.dll
0x00007ffa00c00000 - 0x00007ffa00c29000 	C:\Program Files\Android\Android Studio\jre\jre\bin\java.dll
0x00007ffa00cb0000 - 0x00007ffa00cc6000 	C:\Program Files\Android\Android Studio\jre\jre\bin\zip.dll
0x00007ffa07960000 - 0x00007ffa08046000 	C:\WINDOWS\System32\SHELL32.dll
0x00007ffa08eb0000 - 0x00007ffa08f59000 	C:\WINDOWS\System32\shcore.dll
0x00007ffa06b00000 - 0x00007ffa07280000 	C:\WINDOWS\System32\windows.storage.dll
0x00007ffa06420000 - 0x00007ffa06443000 	C:\WINDOWS\System32\profapi.dll
0x00007ffa06450000 - 0x00007ffa0649a000 	C:\WINDOWS\System32\powrprof.dll
0x00007ffa063d0000 - 0x00007ffa063e0000 	C:\WINDOWS\System32\UMPDC.dll
0x00007ffa082c0000 - 0x00007ffa08312000 	C:\WINDOWS\System32\shlwapi.dll
0x00007ffa063e0000 - 0x00007ffa063f1000 	C:\WINDOWS\System32\kernel.appcore.dll
0x00007ffa07280000 - 0x00007ffa07297000 	C:\WINDOWS\System32\cryptsp.dll
0x00007ff9f4880000 - 0x00007ff9f489a000 	C:\Program Files\Android\Android Studio\jre\jre\bin\net.dll
0x00007ffa05c40000 - 0x00007ffa05ca7000 	C:\WINDOWS\system32\mswsock.dll
0x00007ff9f4620000 - 0x00007ff9f4633000 	C:\Program Files\Android\Android Studio\jre\jre\bin\nio.dll
0x00007ff9ea7f0000 - 0x00007ff9ea816000 	C:\Users\bryanOops\.gradle\native\31\windows-amd64\native-platform.dll
0x00007ffa00fd0000 - 0x00007ffa00fdd000 	C:\Program Files\Android\Android Studio\jre\jre\bin\management.dll
0x00007ffa05750000 - 0x00007ffa05783000 	C:\WINDOWS\system32\rsaenh.dll
0x00007ffa064a0000 - 0x00007ffa064c6000 	C:\WINDOWS\System32\bcrypt.dll
0x00007ffa062f0000 - 0x00007ffa06315000 	C:\WINDOWS\SYSTEM32\USERENV.dll
0x00007ffa05e10000 - 0x00007ffa05e1c000 	C:\WINDOWS\SYSTEM32\CRYPTBASE.dll
0x00007ffa058f0000 - 0x00007ffa0592a000 	C:\WINDOWS\SYSTEM32\IPHLPAPI.DLL
0x00007ffa08df0000 - 0x00007ffa08df8000 	C:\WINDOWS\System32\NSI.dll
0x00007ff9ff7b0000 - 0x00007ff9ff7c6000 	C:\WINDOWS\SYSTEM32\dhcpcsvc6.DLL
0x00007ff9ff710000 - 0x00007ff9ff72c000 	C:\WINDOWS\SYSTEM32\dhcpcsvc.DLL
0x00007ffa05930000 - 0x00007ffa059fb000 	C:\WINDOWS\SYSTEM32\DNSAPI.dll
0x00007ff9f4330000 - 0x00007ff9f4354000 	C:\Program Files\Android\Android Studio\jre\jre\bin\sunec.dll
0x000000006b9a0000 - 0x000000006b9c6000 	C:\Program Files\Bonjour\mdnsNSP.dll
0x00007ff9ff7a0000 - 0x00007ff9ff7aa000 	C:\Windows\System32\rasadhlp.dll
0x00007ff9fe820000 - 0x00007ff9fe897000 	C:\WINDOWS\System32\fwpuclnt.dll
0x00007ffa00cd0000 - 0x00007ffa00cdb000 	C:\Program Files\Android\Android Studio\jre\jre\bin\sunmscapi.dll
0x00007ffa064d0000 - 0x00007ffa06619000 	C:\WINDOWS\System32\CRYPT32.dll
0x00007ffa06400000 - 0x00007ffa06412000 	C:\WINDOWS\System32\MSASN1.dll
0x00007ffa054e0000 - 0x00007ffa05511000 	C:\WINDOWS\SYSTEM32\ntmarta.dll

VM Arguments:
jvm_args: -Xmx2048m -Dfile.encoding=windows-1252 -Duser.country=ES -Duser.language=es -Duser.variant -Xmx4096M 
java_command: org.gradle.launcher.daemon.bootstrap.GradleDaemon 6.1.1
java_class_path (initial): C:\Users\bryanOops\.gradle\wrapper\dists\gradle-6.1.1-all\cfmwm155h49vnt3hynmlrsdst\gradle-6.1.1\lib\gradle-launcher-6.1.1.jar
Launcher Type: SUN_STANDARD

Environment Variables:
_JAVA_OPTIONS=-Xmx4096M
PATH=C:\Program Files\Java\jre1.8.0_151\bin;C:\Program Files (x86)\Python38-32\;C:\Program Files (x86)\Common Files\Oracle\Java\javapath;C:\Program Files (x86)\Intel\Intel(R) Management Engine Components\iCLS\;C:\Program Files\Intel\Intel(R) Management Engine Components\iCLS\;C:\Windows\system32;C:\Windows;C:\Windows\System32\Wbem;C:\Windows\System32\WindowsPowerShell\v1.0\;C:\Windows\System32\OpenSSH\;C:\Program Files (x86)\NVIDIA Corporation\PhysX\Common;C:\Program Files\Intel\WiFi\bin\;C:\Program Files\Common Files\Intel\WirelessCommon\;C:\Program Files (x86)\Intel\Intel(R) Management Engine Components\DAL;C:\Program Files\Intel\Intel(R) Management Engine Components\DAL;C:\Program Files (x86)\Intel\Intel(R) Management Engine Components\IPT;C:\Program Files\Intel\Intel(R) Management Engine Components\IPT;C:\WINDOWS\system32;C:\WINDOWS;C:\WINDOWS\System32\Wbem;C:\WINDOWS\System32\WindowsPowerShell\v1.0\;C:\WINDOWS\System32\OpenSSH\;C:\Program Files\NVIDIA Corporation\NVIDIA NvDLISR;C:\Program Files\dotnet\;C:\Program Files\Microsoft SQL Server\Client SDK\ODBC\170\Tools\Binn\;C:\Program Files (x86)\Microsoft SQL Server\100\Tools\Binn\;C:\Program Files\Microsoft SQL Server\100\Tools\Binn\;C:\Program Files\Microsoft SQL Server\100\DTS\Binn\;C:\Program Files (x86)\Microsoft SQL Server\100\Tools\Binn\VSShell\Common7\IDE\;C:\Program Files (x86)\Microsoft SQL Server\100\DTS\Binn\;C:\Program Files\Git\cmd;C:\Program Files\nodejs\;C:\Program Files\Java\jre1.8.0_151\bin;C:\Users\bryanOops\AppData\Local\Programs\Python\Python38-32\;C:\Users\bryanOops\AppData\Local\Microsoft\WindowsApps;C:\Users\bryanOops\AppData\Roaming\npm;
USERNAME=bryanOops
OS=Windows_NT
PROCESSOR_IDENTIFIER=Intel64 Family 6 Model 158 Stepping 10, GenuineIntel



---------------  S Y S T E M  ---------------

OS: Windows 10.0 , 64 bit Build 18362 (10.0.18362.900)

CPU:total 12 (initial active 12) (6 cores per cpu, 2 threads per core) family 6 model 158 stepping 10, cmov, cx8, fxsr, mmx, sse, sse2, sse3, ssse3, sse4.1, sse4.2, popcnt, avx, avx2, aes, clmul, erms, 3dnowpref, lzcnt, ht, tsc, tscinvbit, bmi1, bmi2, adx

Memory: 4k page, physical 16616312k(4021224k free), swap 16616312k(1496k free)

vm_info: OpenJDK 64-Bit Server VM (25.242-b01) for windows-amd64 JRE (1.8.0_242-release-1644-b01), built by "builder" with MS VC++ 10.0 (VS2010)

time: Tue Jun 30 17:15:09 2020
timezone: Hora est. Pacífico, Sudamérica
elapsed time: 793 seconds (0d 0h 13m 13s)

